
*** Running vivado
    with args -log PROGRAMA.vdi -applog -m64 -product Vivado -messageDb vivado.pb -mode batch -source PROGRAMA.tcl -notrace



****** Vivado v2020.2 (64-bit)
  **** SW Build 3064766 on Wed Nov 18 09:12:45 MST 2020
  **** IP Build 3064653 on Wed Nov 18 14:17:31 MST 2020
    ** Copyright 1986-2020 Xilinx, Inc. All Rights Reserved.

source PROGRAMA.tcl -notrace
Command: link_design -top PROGRAMA -part xc7a100tcsg324-2
Design is defaulting to srcset: sources_1
Design is defaulting to constrset: constrs_1
INFO: [Device 21-403] Loading part xc7a100tcsg324-2
Netlist sorting complete. Time (s): cpu = 00:00:00 ; elapsed = 00:00:00.001 . Memory (MB): peak = 1018.773 ; gain = 0.000
INFO: [Project 1-479] Netlist was created with Vivado 2020.2
INFO: [Project 1-570] Preparing netlist for logic optimization
Parsing XDC File [C:/Users/PC/Desktop/5to Semestre ESCOM/Arqui/Vivado/Nexys4DDR_ROM.xdc]
Finished Parsing XDC File [C:/Users/PC/Desktop/5to Semestre ESCOM/Arqui/Vivado/Nexys4DDR_ROM.xdc]
INFO: [Opt 31-138] Pushed 0 inverter(s) to 0 load pin(s).
Netlist sorting complete. Time (s): cpu = 00:00:00 ; elapsed = 00:00:00 . Memory (MB): peak = 1018.773 ; gain = 0.000
INFO: [Project 1-111] Unisim Transformation Summary:
No Unisim elements were transformed.

5 Infos, 0 Warnings, 0 Critical Warnings and 0 Errors encountered.
link_design completed successfully
link_design: Time (s): cpu = 00:00:08 ; elapsed = 00:00:21 . Memory (MB): peak = 1018.773 ; gain = 0.000
Command: opt_design
Attempting to get a license for feature 'Implementation' and/or device 'xc7a100t'
INFO: [Common 17-349] Got license for feature 'Implementation' and/or device 'xc7a100t'
Running DRC as a precondition to command opt_design

Starting DRC Task
INFO: [DRC 23-27] Running DRC with 2 threads
INFO: [Project 1-461] DRC finished with 0 Errors
INFO: [Project 1-462] Please refer to the DRC report (report_drc) for more information.

Time (s): cpu = 00:00:01 ; elapsed = 00:00:02 . Memory (MB): peak = 1018.773 ; gain = 0.000

Starting Cache Timing Information Task
INFO: [Timing 38-35] Done setting XDC timing constraints.
Ending Cache Timing Information Task | Checksum: 18344ce58

Time (s): cpu = 00:00:08 ; elapsed = 00:00:10 . Memory (MB): peak = 1316.676 ; gain = 297.902

Starting Logic Optimization Task

Phase 1 Retarget
INFO: [Opt 31-138] Pushed 0 inverter(s) to 0 load pin(s).
INFO: [Opt 31-49] Retargeted 0 cell(s).
Phase 1 Retarget | Checksum: 18344ce58

Time (s): cpu = 00:00:00 ; elapsed = 00:00:00.150 . Memory (MB): peak = 1527.039 ; gain = 0.000
INFO: [Opt 31-389] Phase Retarget created 0 cells and removed 0 cells

Phase 2 Constant propagation
INFO: [Opt 31-138] Pushed 0 inverter(s) to 0 load pin(s).
Phase 2 Constant propagation | Checksum: 18344ce58

Time (s): cpu = 00:00:00 ; elapsed = 00:00:00.151 . Memory (MB): peak = 1527.039 ; gain = 0.000
INFO: [Opt 31-389] Phase Constant propagation created 0 cells and removed 0 cells

Phase 3 Sweep
Phase 3 Sweep | Checksum: 18344ce58

Time (s): cpu = 00:00:00 ; elapsed = 00:00:00.209 . Memory (MB): peak = 1527.039 ; gain = 0.000
INFO: [Opt 31-389] Phase Sweep created 0 cells and removed 0 cells

Phase 4 BUFG optimization
Phase 4 BUFG optimization | Checksum: 18344ce58

Time (s): cpu = 00:00:00 ; elapsed = 00:00:00.214 . Memory (MB): peak = 1527.039 ; gain = 0.000
INFO: [Opt 31-662] Phase BUFG optimization created 0 cells of which 0 are BUFGs and removed 0 cells.

Phase 5 Shift Register Optimization
INFO: [Opt 31-1064] SRL Remap converted 0 SRLs to 0 registers and converted 0 registers of register chains to 0 SRLs
Phase 5 Shift Register Optimization | Checksum: 18344ce58

Time (s): cpu = 00:00:00 ; elapsed = 00:00:00.215 . Memory (MB): peak = 1527.039 ; gain = 0.000
INFO: [Opt 31-389] Phase Shift Register Optimization created 0 cells and removed 0 cells

Phase 6 Post Processing Netlist
Phase 6 Post Processing Netlist | Checksum: 18344ce58

Time (s): cpu = 00:00:00 ; elapsed = 00:00:00.217 . Memory (MB): peak = 1527.039 ; gain = 0.000
INFO: [Opt 31-389] Phase Post Processing Netlist created 0 cells and removed 0 cells
Opt_design Change Summary
=========================


-------------------------------------------------------------------------------------------------------------------------
|  Phase                        |  #Cells created  |  #Cells Removed  |  #Constrained objects preventing optimizations  |
-------------------------------------------------------------------------------------------------------------------------
|  Retarget                     |               0  |               0  |                                              0  |
|  Constant propagation         |               0  |               0  |                                              0  |
|  Sweep                        |               0  |               0  |                                              0  |
|  BUFG optimization            |               0  |               0  |                                              0  |
|  Shift Register Optimization  |               0  |               0  |                                              0  |
|  Post Processing Netlist      |               0  |               0  |                                              0  |
-------------------------------------------------------------------------------------------------------------------------



Starting Connectivity Check Task

Time (s): cpu = 00:00:00 ; elapsed = 00:00:00 . Memory (MB): peak = 1527.039 ; gain = 0.000
Ending Logic Optimization Task | Checksum: 18344ce58

Time (s): cpu = 00:00:00 ; elapsed = 00:00:00.219 . Memory (MB): peak = 1527.039 ; gain = 0.000

Starting Power Optimization Task
INFO: [Pwropt 34-132] Skipping clock gating for clocks with a period < 2.00 ns.
Ending Power Optimization Task | Checksum: 18344ce58

Time (s): cpu = 00:00:00 ; elapsed = 00:00:00.060 . Memory (MB): peak = 1527.039 ; gain = 0.000

Starting Final Cleanup Task
Ending Final Cleanup Task | Checksum: 18344ce58

Time (s): cpu = 00:00:00 ; elapsed = 00:00:00.011 . Memory (MB): peak = 1527.039 ; gain = 0.000

Starting Netlist Obfuscation Task
Netlist sorting complete. Time (s): cpu = 00:00:00 ; elapsed = 00:00:00 . Memory (MB): peak = 1527.039 ; gain = 0.000
Ending Netlist Obfuscation Task | Checksum: 18344ce58

Time (s): cpu = 00:00:00 ; elapsed = 00:00:00 . Memory (MB): peak = 1527.039 ; gain = 0.000
INFO: [Common 17-83] Releasing license: Implementation
22 Infos, 0 Warnings, 0 Critical Warnings and 0 Errors encountered.
opt_design completed successfully
opt_design: Time (s): cpu = 00:00:12 ; elapsed = 00:00:15 . Memory (MB): peak = 1527.039 ; gain = 508.266
INFO: [Timing 38-480] Writing timing data to binary archive.
Writing placer database...
Writing XDEF routing.
Writing XDEF routing logical nets.
Writing XDEF routing special nets.
Write XDEF Complete: Time (s): cpu = 00:00:00 ; elapsed = 00:00:00.032 . Memory (MB): peak = 1527.039 ; gain = 0.000
INFO: [Common 17-1381] The checkpoint 'C:/Users/PC/Desktop/5to Semestre ESCOM/Arqui/Vivado/PROGRAMA/PROGRAMA.runs/impl_1/PROGRAMA_opt.dcp' has been generated.
INFO: [runtcl-4] Executing : report_drc -file PROGRAMA_drc_opted.rpt -pb PROGRAMA_drc_opted.pb -rpx PROGRAMA_drc_opted.rpx
Command: report_drc -file PROGRAMA_drc_opted.rpt -pb PROGRAMA_drc_opted.pb -rpx PROGRAMA_drc_opted.rpx
INFO: [IP_Flow 19-234] Refreshing IP repositories
INFO: [IP_Flow 19-1704] No user IP repositories specified
INFO: [IP_Flow 19-2313] Loaded Vivado IP repository 'D:/Programas/Xilins/Vivado/2020.2/data/ip'.
INFO: [Timing 38-35] Done setting XDC timing constraints.
INFO: [DRC 23-27] Running DRC with 2 threads
INFO: [Coretcl 2-168] The results of DRC are in file C:/Users/PC/Desktop/5to Semestre ESCOM/Arqui/Vivado/PROGRAMA/PROGRAMA.runs/impl_1/PROGRAMA_drc_opted.rpt.
report_drc completed successfully
Command: place_design
Attempting to get a license for feature 'Implementation' and/or device 'xc7a100t'
INFO: [Common 17-349] Got license for feature 'Implementation' and/or device 'xc7a100t'
INFO: [DRC 23-27] Running DRC with 2 threads
INFO: [Vivado_Tcl 4-198] DRC finished with 0 Errors
INFO: [Vivado_Tcl 4-199] Please refer to the DRC report (report_drc) for more information.
Running DRC as a precondition to command place_design
INFO: [DRC 23-27] Running DRC with 2 threads
INFO: [Vivado_Tcl 4-198] DRC finished with 0 Errors
INFO: [Vivado_Tcl 4-199] Please refer to the DRC report (report_drc) for more information.

Starting Placer Task
INFO: [Place 30-611] Multithreading enabled for place_design using a maximum of 2 CPUs

Phase 1 Placer Initialization

Phase 1.1 Placer Initialization Netlist Sorting
Netlist sorting complete. Time (s): cpu = 00:00:00 ; elapsed = 00:00:00 . Memory (MB): peak = 1571.098 ; gain = 0.000
Phase 1.1 Placer Initialization Netlist Sorting | Checksum: 15710dc36

Time (s): cpu = 00:00:00 ; elapsed = 00:00:02 . Memory (MB): peak = 1571.098 ; gain = 0.000
Netlist sorting complete. Time (s): cpu = 00:00:00 ; elapsed = 00:00:00 . Memory (MB): peak = 1571.098 ; gain = 0.000

Phase 1.2 IO Placement/ Clock Placement/ Build Placer Device
Phase 1.2 IO Placement/ Clock Placement/ Build Placer Device | Checksum: 15710dc36

Time (s): cpu = 00:00:00 ; elapsed = 00:00:03 . Memory (MB): peak = 1571.098 ; gain = 0.000

Phase 1.3 Build Placer Netlist Model
Phase 1.3 Build Placer Netlist Model | Checksum: 15d0f0813

Time (s): cpu = 00:00:00 ; elapsed = 00:00:03 . Memory (MB): peak = 1571.098 ; gain = 0.000

Phase 1.4 Constrain Clocks/Macros
Phase 1.4 Constrain Clocks/Macros | Checksum: 15d0f0813

Time (s): cpu = 00:00:00 ; elapsed = 00:00:04 . Memory (MB): peak = 1571.098 ; gain = 0.000
Phase 1 Placer Initialization | Checksum: 15d0f0813

Time (s): cpu = 00:00:00 ; elapsed = 00:00:04 . Memory (MB): peak = 1571.098 ; gain = 0.000

Phase 2 Global Placement

Phase 2.1 Floorplanning
Phase 2.1 Floorplanning | Checksum: 15d0f0813

Time (s): cpu = 00:00:00 ; elapsed = 00:00:04 . Memory (MB): peak = 1571.098 ; gain = 0.000

Phase 2.2 Update Timing before SLR Path Opt
Phase 2.2 Update Timing before SLR Path Opt | Checksum: 15d0f0813

Time (s): cpu = 00:00:00 ; elapsed = 00:00:04 . Memory (MB): peak = 1571.098 ; gain = 0.000

Phase 2.3 Global Placement Core
WARNING: [Place 46-29] place_design is not in timing mode. Skip physical synthesis in placer
Phase 2.3 Global Placement Core | Checksum: 20a191f05

Time (s): cpu = 00:00:01 ; elapsed = 00:00:05 . Memory (MB): peak = 1571.098 ; gain = 0.000
Phase 2 Global Placement | Checksum: 20a191f05

Time (s): cpu = 00:00:01 ; elapsed = 00:00:05 . Memory (MB): peak = 1571.098 ; gain = 0.000

Phase 3 Detail Placement

Phase 3.1 Commit Multi Column Macros
Phase 3.1 Commit Multi Column Macros | Checksum: 20a191f05

Time (s): cpu = 00:00:01 ; elapsed = 00:00:05 . Memory (MB): peak = 1571.098 ; gain = 0.000

Phase 3.2 Commit Most Macros & LUTRAMs
Phase 3.2 Commit Most Macros & LUTRAMs | Checksum: 1f362607f

Time (s): cpu = 00:00:01 ; elapsed = 00:00:05 . Memory (MB): peak = 1571.098 ; gain = 0.000

Phase 3.3 Area Swap Optimization
Phase 3.3 Area Swap Optimization | Checksum: 1f173ac97

Time (s): cpu = 00:00:01 ; elapsed = 00:00:05 . Memory (MB): peak = 1571.098 ; gain = 0.000

Phase 3.4 Pipeline Register Optimization
Phase 3.4 Pipeline Register Optimization | Checksum: 1f173ac97

Time (s): cpu = 00:00:01 ; elapsed = 00:00:05 . Memory (MB): peak = 1571.098 ; gain = 0.000

Phase 3.5 Small Shape Detail Placement
Phase 3.5 Small Shape Detail Placement | Checksum: 19d0e60fc

Time (s): cpu = 00:00:02 ; elapsed = 00:00:05 . Memory (MB): peak = 1571.098 ; gain = 0.000

Phase 3.6 Re-assign LUT pins
Phase 3.6 Re-assign LUT pins | Checksum: 19d0e60fc

Time (s): cpu = 00:00:02 ; elapsed = 00:00:05 . Memory (MB): peak = 1571.098 ; gain = 0.000

Phase 3.7 Pipeline Register Optimization
Phase 3.7 Pipeline Register Optimization | Checksum: 19d0e60fc

Time (s): cpu = 00:00:02 ; elapsed = 00:00:05 . Memory (MB): peak = 1571.098 ; gain = 0.000
Phase 3 Detail Placement | Checksum: 19d0e60fc

Time (s): cpu = 00:00:02 ; elapsed = 00:00:05 . Memory (MB): peak = 1571.098 ; gain = 0.000

Phase 4 Post Placement Optimization and Clean-Up

Phase 4.1 Post Commit Optimization
Phase 4.1 Post Commit Optimization | Checksum: 19d0e60fc

Time (s): cpu = 00:00:02 ; elapsed = 00:00:05 . Memory (MB): peak = 1571.098 ; gain = 0.000

Phase 4.2 Post Placement Cleanup
Phase 4.2 Post Placement Cleanup | Checksum: 19d0e60fc

Time (s): cpu = 00:00:02 ; elapsed = 00:00:05 . Memory (MB): peak = 1571.098 ; gain = 0.000

Phase 4.3 Placer Reporting

Phase 4.3.1 Print Estimated Congestion
INFO: [Place 30-612] Post-Placement Estimated Congestion 
 ____________________________________________________
|           | Global Congestion | Short Congestion  |
| Direction | Region Size       | Region Size       |
|___________|___________________|___________________|
|      North|                1x1|                1x1|
|___________|___________________|___________________|
|      South|                1x1|                1x1|
|___________|___________________|___________________|
|       East|                1x1|                1x1|
|___________|___________________|___________________|
|       West|                1x1|                1x1|
|___________|___________________|___________________|

Phase 4.3.1 Print Estimated Congestion | Checksum: 19d0e60fc

Time (s): cpu = 00:00:02 ; elapsed = 00:00:05 . Memory (MB): peak = 1571.098 ; gain = 0.000
Phase 4.3 Placer Reporting | Checksum: 19d0e60fc

Time (s): cpu = 00:00:02 ; elapsed = 00:00:05 . Memory (MB): peak = 1571.098 ; gain = 0.000

Phase 4.4 Final Placement Cleanup
Netlist sorting complete. Time (s): cpu = 00:00:00 ; elapsed = 00:00:00 . Memory (MB): peak = 1571.098 ; gain = 0.000

Time (s): cpu = 00:00:02 ; elapsed = 00:00:05 . Memory (MB): peak = 1571.098 ; gain = 0.000
Phase 4 Post Placement Optimization and Clean-Up | Checksum: 19d0e60fc

Time (s): cpu = 00:00:02 ; elapsed = 00:00:05 . Memory (MB): peak = 1571.098 ; gain = 0.000
Ending Placer Task | Checksum: 1442dfef2

Time (s): cpu = 00:00:02 ; elapsed = 00:00:05 . Memory (MB): peak = 1571.098 ; gain = 0.000
INFO: [Common 17-83] Releasing license: Implementation
41 Infos, 1 Warnings, 0 Critical Warnings and 0 Errors encountered.
place_design completed successfully
place_design: Time (s): cpu = 00:00:03 ; elapsed = 00:00:08 . Memory (MB): peak = 1571.098 ; gain = 0.004
INFO: [Timing 38-480] Writing timing data to binary archive.
Writing placer database...
Writing XDEF routing.
Writing XDEF routing logical nets.
Writing XDEF routing special nets.
Write XDEF Complete: Time (s): cpu = 00:00:00 ; elapsed = 00:00:00.033 . Memory (MB): peak = 1571.098 ; gain = 0.000
INFO: [Common 17-1381] The checkpoint 'C:/Users/PC/Desktop/5to Semestre ESCOM/Arqui/Vivado/PROGRAMA/PROGRAMA.runs/impl_1/PROGRAMA_placed.dcp' has been generated.
INFO: [runtcl-4] Executing : report_io -file PROGRAMA_io_placed.rpt
report_io: Time (s): cpu = 00:00:00 ; elapsed = 00:00:00.047 . Memory (MB): peak = 1571.098 ; gain = 0.000
INFO: [runtcl-4] Executing : report_utilization -file PROGRAMA_utilization_placed.rpt -pb PROGRAMA_utilization_placed.pb
INFO: [runtcl-4] Executing : report_control_sets -verbose -file PROGRAMA_control_sets_placed.rpt
report_control_sets: Time (s): cpu = 00:00:00 ; elapsed = 00:00:00.001 . Memory (MB): peak = 1571.098 ; gain = 0.000
Command: phys_opt_design
Attempting to get a license for feature 'Implementation' and/or device 'xc7a100t'
INFO: [Common 17-349] Got license for feature 'Implementation' and/or device 'xc7a100t'
INFO: [Vivado_Tcl 4-235] No timing constraint found. The netlist was not modified.
INFO: [Common 17-83] Releasing license: Implementation
49 Infos, 1 Warnings, 0 Critical Warnings and 0 Errors encountered.
phys_opt_design completed successfully
INFO: [Timing 38-480] Writing timing data to binary archive.
Writing placer database...
Writing XDEF routing.
Writing XDEF routing logical nets.
Writing XDEF routing special nets.
Write XDEF Complete: Time (s): cpu = 00:00:00 ; elapsed = 00:00:00.043 . Memory (MB): peak = 1576.250 ; gain = 5.152
INFO: [Common 17-1381] The checkpoint 'C:/Users/PC/Desktop/5to Semestre ESCOM/Arqui/Vivado/PROGRAMA/PROGRAMA.runs/impl_1/PROGRAMA_physopt.dcp' has been generated.
Command: route_design
Attempting to get a license for feature 'Implementation' and/or device 'xc7a100t'
INFO: [Common 17-349] Got license for feature 'Implementation' and/or device 'xc7a100t'
Running DRC as a precondition to command route_design
INFO: [DRC 23-27] Running DRC with 2 threads
INFO: [Vivado_Tcl 4-198] DRC finished with 0 Errors
INFO: [Vivado_Tcl 4-199] Please refer to the DRC report (report_drc) for more information.


Starting Routing Task
INFO: [Route 35-254] Multithreading enabled for route_design using a maximum of 2 CPUs
Checksum: PlaceDB: 821cd833 ConstDB: 0 ShapeSum: c21126bf RouteDB: 0

Phase 1 Build RT Design
Phase 1 Build RT Design | Checksum: ebe573bd

Time (s): cpu = 00:00:30 ; elapsed = 00:00:27 . Memory (MB): peak = 1688.859 ; gain = 105.855
Post Restoration Checksum: NetGraph: 18833f59 NumContArr: d3623464 Constraints: 0 Timing: 0

Phase 2 Router Initialization
INFO: [Route 35-64] No timing constraints were detected. The router will operate in resource-optimization mode.

Phase 2.1 Fix Topology Constraints
Phase 2.1 Fix Topology Constraints | Checksum: ebe573bd

Time (s): cpu = 00:00:30 ; elapsed = 00:00:27 . Memory (MB): peak = 1695.004 ; gain = 112.000

Phase 2.2 Pre Route Cleanup
Phase 2.2 Pre Route Cleanup | Checksum: ebe573bd

Time (s): cpu = 00:00:30 ; elapsed = 00:00:27 . Memory (MB): peak = 1695.004 ; gain = 112.000
 Number of Nodes with overlaps = 0
Phase 2 Router Initialization | Checksum: e328bec8

Time (s): cpu = 00:00:30 ; elapsed = 00:00:28 . Memory (MB): peak = 1706.309 ; gain = 123.305

Router Utilization Summary
  Global Vertical Routing Utilization    = 0 %
  Global Horizontal Routing Utilization  = 0 %
  Routable Net Status*
  *Does not include unroutable nets such as driverless and loadless.
  Run report_route_status for detailed report.
  Number of Failed Nets               = 16
    (Failed Nets is the sum of unrouted and partially routed nets)
  Number of Unrouted Nets             = 16
  Number of Partially Routed Nets     = 0
  Number of Node Overlaps             = 0


Phase 3 Initial Routing

Phase 3.1 Global Routing
Phase 3.1 Global Routing | Checksum: e328bec8

Time (s): cpu = 00:00:30 ; elapsed = 00:00:28 . Memory (MB): peak = 1708.695 ; gain = 125.691
Phase 3 Initial Routing | Checksum: a9b98d20

Time (s): cpu = 00:00:30 ; elapsed = 00:00:28 . Memory (MB): peak = 1708.695 ; gain = 125.691

Phase 4 Rip-up And Reroute

Phase 4.1 Global Iteration 0
 Number of Nodes with overlaps = 0
Phase 4.1 Global Iteration 0 | Checksum: 1274db592

Time (s): cpu = 00:00:30 ; elapsed = 00:00:28 . Memory (MB): peak = 1708.695 ; gain = 125.691
Phase 4 Rip-up And Reroute | Checksum: 1274db592

Time (s): cpu = 00:00:30 ; elapsed = 00:00:28 . Memory (MB): peak = 1708.695 ; gain = 125.691

Phase 5 Delay and Skew Optimization
Phase 5 Delay and Skew Optimization | Checksum: 1274db592

Time (s): cpu = 00:00:30 ; elapsed = 00:00:28 . Memory (MB): peak = 1708.695 ; gain = 125.691

Phase 6 Post Hold Fix

Phase 6.1 Hold Fix Iter
Phase 6.1 Hold Fix Iter | Checksum: 1274db592

Time (s): cpu = 00:00:30 ; elapsed = 00:00:28 . Memory (MB): peak = 1708.695 ; gain = 125.691
Phase 6 Post Hold Fix | Checksum: 1274db592

Time (s): cpu = 00:00:30 ; elapsed = 00:00:28 . Memory (MB): peak = 1708.695 ; gain = 125.691

Phase 7 Route finalize

Router Utilization Summary
  Global Vertical Routing Utilization    = 0.0161901 %
  Global Horizontal Routing Utilization  = 0.00319693 %
  Routable Net Status*
  *Does not include unroutable nets such as driverless and loadless.
  Run report_route_status for detailed report.
  Number of Failed Nets               = 0
    (Failed Nets is the sum of unrouted and partially routed nets)
  Number of Unrouted Nets             = 0
  Number of Partially Routed Nets     = 0
  Number of Node Overlaps             = 0

Congestion Report
North Dir 1x1 Area, Max Cong = 21.6216%, No Congested Regions.
South Dir 1x1 Area, Max Cong = 5.40541%, No Congested Regions.
East Dir 1x1 Area, Max Cong = 2.94118%, No Congested Regions.
West Dir 1x1 Area, Max Cong = 4.41176%, No Congested Regions.

------------------------------
Reporting congestion hotspots
------------------------------
Direction: North
----------------
Congested clusters found at Level 0
Effective congestion level: 0 Aspect Ratio: 1 Sparse Ratio: 0
Direction: South
----------------
Congested clusters found at Level 0
Effective congestion level: 0 Aspect Ratio: 1 Sparse Ratio: 0
Direction: East
----------------
Congested clusters found at Level 0
Effective congestion level: 0 Aspect Ratio: 1 Sparse Ratio: 0
Direction: West
----------------
Congested clusters found at Level 0
Effective congestion level: 0 Aspect Ratio: 1 Sparse Ratio: 0

Phase 7 Route finalize | Checksum: 1274db592

Time (s): cpu = 00:00:30 ; elapsed = 00:00:28 . Memory (MB): peak = 1708.695 ; gain = 125.691

Phase 8 Verifying routed nets

 Verification completed successfully
Phase 8 Verifying routed nets | Checksum: 1274db592

Time (s): cpu = 00:00:30 ; elapsed = 00:00:28 . Memory (MB): peak = 1708.695 ; gain = 125.691

Phase 9 Depositing Routes
Phase 9 Depositing Routes | Checksum: 12018b7a8

Time (s): cpu = 00:00:30 ; elapsed = 00:00:28 . Memory (MB): peak = 1708.695 ; gain = 125.691
INFO: [Route 35-16] Router Completed Successfully

Time (s): cpu = 00:00:30 ; elapsed = 00:00:28 . Memory (MB): peak = 1708.695 ; gain = 125.691

Routing Is Done.
INFO: [Common 17-83] Releasing license: Implementation
59 Infos, 1 Warnings, 0 Critical Warnings and 0 Errors encountered.
route_design completed successfully
route_design: Time (s): cpu = 00:00:31 ; elapsed = 00:00:29 . Memory (MB): peak = 1708.695 ; gain = 132.445
INFO: [Timing 38-480] Writing timing data to binary archive.
Writing placer database...
Writing XDEF routing.
Writing XDEF routing logical nets.
Writing XDEF routing special nets.
Write XDEF Complete: Time (s): cpu = 00:00:00 ; elapsed = 00:00:00.069 . Memory (MB): peak = 1718.258 ; gain = 9.562
INFO: [Common 17-1381] The checkpoint 'C:/Users/PC/Desktop/5to Semestre ESCOM/Arqui/Vivado/PROGRAMA/PROGRAMA.runs/impl_1/PROGRAMA_routed.dcp' has been generated.
INFO: [runtcl-4] Executing : report_drc -file PROGRAMA_drc_routed.rpt -pb PROGRAMA_drc_routed.pb -rpx PROGRAMA_drc_routed.rpx
Command: report_drc -file PROGRAMA_drc_routed.rpt -pb PROGRAMA_drc_routed.pb -rpx PROGRAMA_drc_routed.rpx
INFO: [IP_Flow 19-1839] IP Catalog is up to date.
INFO: [DRC 23-27] Running DRC with 2 threads
INFO: [Coretcl 2-168] The results of DRC are in file C:/Users/PC/Desktop/5to Semestre ESCOM/Arqui/Vivado/PROGRAMA/PROGRAMA.runs/impl_1/PROGRAMA_drc_routed.rpt.
report_drc completed successfully
INFO: [runtcl-4] Executing : report_methodology -file PROGRAMA_methodology_drc_routed.rpt -pb PROGRAMA_methodology_drc_routed.pb -rpx PROGRAMA_methodology_drc_routed.rpx
Command: report_methodology -file PROGRAMA_methodology_drc_routed.rpt -pb PROGRAMA_methodology_drc_routed.pb -rpx PROGRAMA_methodology_drc_routed.rpx
INFO: [Timing 38-35] Done setting XDC timing constraints.
INFO: [DRC 23-133] Running Methodology with 2 threads
INFO: [Coretcl 2-1520] The results of Report Methodology are in file C:/Users/PC/Desktop/5to Semestre ESCOM/Arqui/Vivado/PROGRAMA/PROGRAMA.runs/impl_1/PROGRAMA_methodology_drc_routed.rpt.
report_methodology completed successfully
INFO: [runtcl-4] Executing : report_power -file PROGRAMA_power_routed.rpt -pb PROGRAMA_power_summary_routed.pb -rpx PROGRAMA_power_routed.rpx
Command: report_power -file PROGRAMA_power_routed.rpt -pb PROGRAMA_power_summary_routed.pb -rpx PROGRAMA_power_routed.rpx
INFO: [Timing 38-35] Done setting XDC timing constraints.
WARNING: [Power 33-232] No user defined clocks were found in the design! Power estimation will be inaccurate until this is corrected.
Resolution: Please specify clocks using create_clock/create_generated_clock for sequential elements. For pure combinatorial circuits, please specify a virtual clock, otherwise the vectorless estimation might be inaccurate
Running Vector-less Activity Propagation...

Finished Running Vector-less Activity Propagation
71 Infos, 2 Warnings, 0 Critical Warnings and 0 Errors encountered.
report_power completed successfully
INFO: [runtcl-4] Executing : report_route_status -file PROGRAMA_route_status.rpt -pb PROGRAMA_route_status.pb
INFO: [runtcl-4] Executing : report_timing_summary -max_paths 10 -file PROGRAMA_timing_summary_routed.rpt -pb PROGRAMA_timing_summary_routed.pb -rpx PROGRAMA_timing_summary_routed.rpx -warn_on_violation 
INFO: [Timing 38-91] UpdateTimingParams: Speed grade: -2, Delay Type: min_max.
INFO: [Timing 38-191] Multithreading enabled for timing update using a maximum of 2 CPUs
WARNING: [Timing 38-313] There are no user specified timing constraints. Timing constraints are needed for proper timing analysis.
INFO: [runtcl-4] Executing : report_incremental_reuse -file PROGRAMA_incremental_reuse_routed.rpt
INFO: [Vivado_Tcl 4-1062] Incremental flow is disabled. No incremental reuse Info to report.
INFO: [runtcl-4] Executing : report_clock_utilization -file PROGRAMA_clock_utilization_routed.rpt
INFO: [runtcl-4] Executing : report_bus_skew -warn_on_violation -file PROGRAMA_bus_skew_routed.rpt -pb PROGRAMA_bus_skew_routed.pb -rpx PROGRAMA_bus_skew_routed.rpx
INFO: [Timing 38-91] UpdateTimingParams: Speed grade: -2, Delay Type: min_max.
INFO: [Timing 38-191] Multithreading enabled for timing update using a maximum of 2 CPUs
INFO: [Common 17-206] Exiting Vivado at Tue Nov  9 12:07:48 2021...
