
*** Running vivado
    with args -log ESCOMIPS.vds -m64 -product Vivado -mode batch -messageDb vivado.pb -notrace -source ESCOMIPS.tcl



****** Vivado v2020.2 (64-bit)
  **** SW Build 3064766 on Wed Nov 18 09:12:45 MST 2020
  **** IP Build 3064653 on Wed Nov 18 14:17:31 MST 2020
    ** Copyright 1986-2020 Xilinx, Inc. All Rights Reserved.

source ESCOMIPS.tcl -notrace
Command: synth_design -top ESCOMIPS -part xc7a100tcsg324-2
Starting synth_design
Attempting to get a license for feature 'Synthesis' and/or device 'xc7a100t'
INFO: [Common 17-349] Got license for feature 'Synthesis' and/or device 'xc7a100t'
INFO: [Device 21-403] Loading part xc7a100tcsg324-2
INFO: [Synth 8-7079] Multithreading enabled for synth_design using a maximum of 2 processes.
INFO: [Synth 8-7078] Launching helper process for spawning children vivado processes
INFO: [Synth 8-7075] Helper process launched with PID 2380
---------------------------------------------------------------------------------
Starting RTL Elaboration : Time (s): cpu = 00:00:04 ; elapsed = 00:00:08 . Memory (MB): peak = 1004.586 ; gain = 0.000
---------------------------------------------------------------------------------
INFO: [Synth 8-638] synthesizing module 'ESCOMIPS' [C:/Users/PC/Desktop/5to Semestre ESCOM/Arqui/Vivado/ESCOMIPS/ESCOMIPS.srcs/sources_1/new/ESCOMIPS.vhd:24]
	Parameter N bound to: 50000 - type: integer 
INFO: [Synth 8-3491] module 'DIVISOR' declared at 'C:/Users/PC/Desktop/5to Semestre ESCOM/Arqui/Vivado/ESCOMIPS/ESCOMIPS.srcs/sources_1/new/DIVISOR.vhd:5' bound to instance 'DIV' of component 'DIVISOR' [C:/Users/PC/Desktop/5to Semestre ESCOM/Arqui/Vivado/ESCOMIPS/ESCOMIPS.srcs/sources_1/new/ESCOMIPS.vhd:51]
INFO: [Synth 8-638] synthesizing module 'DIVISOR' [C:/Users/PC/Desktop/5to Semestre ESCOM/Arqui/Vivado/ESCOMIPS/ESCOMIPS.srcs/sources_1/new/DIVISOR.vhd:12]
	Parameter N bound to: 50000 - type: integer 
INFO: [Synth 8-256] done synthesizing module 'DIVISOR' (1#1) [C:/Users/PC/Desktop/5to Semestre ESCOM/Arqui/Vivado/ESCOMIPS/ESCOMIPS.srcs/sources_1/new/DIVISOR.vhd:12]
INFO: [Synth 8-3491] module 'CONTROL' declared at 'C:/Users/PC/Desktop/5to Semestre ESCOM/Arqui/Vivado/Control/Control.srcs/sources_1/new/CONTROL.vhd:17' bound to instance 'U_CONTROL' of component 'CONTROL' [C:/Users/PC/Desktop/5to Semestre ESCOM/Arqui/Vivado/ESCOMIPS/ESCOMIPS.srcs/sources_1/new/ESCOMIPS.vhd:57]
INFO: [Synth 8-638] synthesizing module 'CONTROL' [C:/Users/PC/Desktop/5to Semestre ESCOM/Arqui/Vivado/Control/Control.srcs/sources_1/new/CONTROL.vhd:26]
INFO: [Synth 8-256] done synthesizing module 'CONTROL' (2#1) [C:/Users/PC/Desktop/5to Semestre ESCOM/Arqui/Vivado/Control/Control.srcs/sources_1/new/CONTROL.vhd:26]
	Parameter N bound to: 8 - type: integer 
INFO: [Synth 8-3491] module 'PC' declared at 'C:/Users/PC/Desktop/5to Semestre ESCOM/Arqui/Vivado/ESCOMIPS/ESCOMIPS.srcs/sources_1/new/PC.vhd:7' bound to instance 'P_C' of component 'PC' [C:/Users/PC/Desktop/5to Semestre ESCOM/Arqui/Vivado/ESCOMIPS/ESCOMIPS.srcs/sources_1/new/ESCOMIPS.vhd:77]
INFO: [Synth 8-638] synthesizing module 'PC' [C:/Users/PC/Desktop/5to Semestre ESCOM/Arqui/Vivado/ESCOMIPS/ESCOMIPS.srcs/sources_1/new/PC.vhd:15]
	Parameter N bound to: 8 - type: integer 
INFO: [Synth 8-256] done synthesizing module 'PC' (3#1) [C:/Users/PC/Desktop/5to Semestre ESCOM/Arqui/Vivado/ESCOMIPS/ESCOMIPS.srcs/sources_1/new/PC.vhd:15]
	Parameter BITS_BUS_DIR bound to: 8 - type: integer 
	Parameter BITS_BUS_DATOS bound to: 15 - type: integer 
INFO: [Synth 8-3491] module 'PROGRAMA' declared at 'C:/Users/PC/Desktop/5to Semestre ESCOM/Arqui/Vivado/ESCOMIPS/ESCOMIPS.srcs/sources_1/new/PROGRAMA.vhd:6' bound to instance 'MEM_PROG' of component 'PROGRAMA' [C:/Users/PC/Desktop/5to Semestre ESCOM/Arqui/Vivado/ESCOMIPS/ESCOMIPS.srcs/sources_1/new/ESCOMIPS.vhd:86]
INFO: [Synth 8-638] synthesizing module 'PROGRAMA' [C:/Users/PC/Desktop/5to Semestre ESCOM/Arqui/Vivado/ESCOMIPS/ESCOMIPS.srcs/sources_1/new/PROGRAMA.vhd:13]
	Parameter BITS_BUS_DIR bound to: 8 - type: integer 
	Parameter BITS_BUS_DATOS bound to: 15 - type: integer 
INFO: [Synth 8-256] done synthesizing module 'PROGRAMA' (4#1) [C:/Users/PC/Desktop/5to Semestre ESCOM/Arqui/Vivado/ESCOMIPS/ESCOMIPS.srcs/sources_1/new/PROGRAMA.vhd:13]
	Parameter N_BITS_ADR bound to: 2 - type: integer 
	Parameter N_BITS_DIN bound to: 8 - type: integer 
INFO: [Synth 8-3491] module 'REGISTROS' declared at 'C:/Users/PC/Desktop/5to Semestre ESCOM/Arqui/Vivado/ESCOMIPS/ESCOMIPS.srcs/sources_1/new/REGISTROS.vhd:19' bound to instance 'ARCH_REG' of component 'REGISTROS' [C:/Users/PC/Desktop/5to Semestre ESCOM/Arqui/Vivado/ESCOMIPS/ESCOMIPS.srcs/sources_1/new/ESCOMIPS.vhd:97]
INFO: [Synth 8-638] synthesizing module 'REGISTROS' [C:/Users/PC/Desktop/5to Semestre ESCOM/Arqui/Vivado/ESCOMIPS/ESCOMIPS.srcs/sources_1/new/REGISTROS.vhd:30]
	Parameter N_BITS_ADR bound to: 2 - type: integer 
	Parameter N_BITS_DIN bound to: 8 - type: integer 
INFO: [Synth 8-256] done synthesizing module 'REGISTROS' (5#1) [C:/Users/PC/Desktop/5to Semestre ESCOM/Arqui/Vivado/ESCOMIPS/ESCOMIPS.srcs/sources_1/new/REGISTROS.vhd:30]
	Parameter N bound to: 8 - type: integer 
INFO: [Synth 8-3491] module 'ALU' declared at 'C:/Users/PC/Desktop/5to Semestre ESCOM/Arqui/Vivado/ESCOMIPS/ESCOMIPS.srcs/sources_1/new/ALU.vhd:20' bound to instance 'ALUC' of component 'ALU' [C:/Users/PC/Desktop/5to Semestre ESCOM/Arqui/Vivado/ESCOMIPS/ESCOMIPS.srcs/sources_1/new/ESCOMIPS.vhd:115]
INFO: [Synth 8-638] synthesizing module 'ALU' [C:/Users/PC/Desktop/5to Semestre ESCOM/Arqui/Vivado/ESCOMIPS/ESCOMIPS.srcs/sources_1/new/ALU.vhd:30]
	Parameter N bound to: 8 - type: integer 
INFO: [Synth 8-256] done synthesizing module 'ALU' (6#1) [C:/Users/PC/Desktop/5to Semestre ESCOM/Arqui/Vivado/ESCOMIPS/ESCOMIPS.srcs/sources_1/new/ALU.vhd:30]
	Parameter N_BITS_DIN bound to: 8 - type: integer 
	Parameter N_BITS_ADR bound to: 8 - type: integer 
INFO: [Synth 8-3491] module 'MEMDATOS' declared at 'C:/Users/PC/Desktop/5to Semestre ESCOM/Arqui/Vivado/ESCOMIPS/ESCOMIPS.srcs/sources_1/new/MEMDATOS.vhd:19' bound to instance 'MEM_DATOS' of component 'MEMDATOS' [C:/Users/PC/Desktop/5to Semestre ESCOM/Arqui/Vivado/ESCOMIPS/ESCOMIPS.srcs/sources_1/new/ESCOMIPS.vhd:128]
INFO: [Synth 8-638] synthesizing module 'MEMDATOS' [C:/Users/PC/Desktop/5to Semestre ESCOM/Arqui/Vivado/ESCOMIPS/ESCOMIPS.srcs/sources_1/new/MEMDATOS.vhd:30]
	Parameter N_BITS_DIN bound to: 8 - type: integer 
	Parameter N_BITS_ADR bound to: 8 - type: integer 
INFO: [Synth 8-256] done synthesizing module 'MEMDATOS' (7#1) [C:/Users/PC/Desktop/5to Semestre ESCOM/Arqui/Vivado/ESCOMIPS/ESCOMIPS.srcs/sources_1/new/MEMDATOS.vhd:30]
INFO: [Synth 8-256] done synthesizing module 'ESCOMIPS' (8#1) [C:/Users/PC/Desktop/5to Semestre ESCOM/Arqui/Vivado/ESCOMIPS/ESCOMIPS.srcs/sources_1/new/ESCOMIPS.vhd:24]
---------------------------------------------------------------------------------
Finished RTL Elaboration : Time (s): cpu = 00:00:05 ; elapsed = 00:00:10 . Memory (MB): peak = 1004.586 ; gain = 0.000
---------------------------------------------------------------------------------
---------------------------------------------------------------------------------
Start Handling Custom Attributes
---------------------------------------------------------------------------------
---------------------------------------------------------------------------------
Finished Handling Custom Attributes : Time (s): cpu = 00:00:06 ; elapsed = 00:00:11 . Memory (MB): peak = 1004.586 ; gain = 0.000
---------------------------------------------------------------------------------
---------------------------------------------------------------------------------
Finished RTL Optimization Phase 1 : Time (s): cpu = 00:00:06 ; elapsed = 00:00:11 . Memory (MB): peak = 1004.586 ; gain = 0.000
---------------------------------------------------------------------------------
Netlist sorting complete. Time (s): cpu = 00:00:00 ; elapsed = 00:00:00.006 . Memory (MB): peak = 1004.586 ; gain = 0.000
INFO: [Project 1-570] Preparing netlist for logic optimization

Processing XDC Constraints
Initializing timing engine
Parsing XDC File [C:/Users/PC/Desktop/5to Semestre ESCOM/Arqui/Vivado/PROC.xdc]
Finished Parsing XDC File [C:/Users/PC/Desktop/5to Semestre ESCOM/Arqui/Vivado/PROC.xdc]
INFO: [Project 1-236] Implementation specific constraints were found while reading constraint file [C:/Users/PC/Desktop/5to Semestre ESCOM/Arqui/Vivado/PROC.xdc]. These constraints will be ignored for synthesis but will be used in implementation. Impacted constraints are listed in the file [.Xil/ESCOMIPS_propImpl.xdc].
Resolution: To avoid this warning, move constraints listed in [.Xil/ESCOMIPS_propImpl.xdc] to another XDC file and exclude this new file from synthesis with the used_in_synthesis property (File Properties dialog in GUI) and re-run elaboration/synthesis.
Completed Processing XDC Constraints

Netlist sorting complete. Time (s): cpu = 00:00:00 ; elapsed = 00:00:00 . Memory (MB): peak = 1070.238 ; gain = 0.000
INFO: [Project 1-111] Unisim Transformation Summary:
No Unisim elements were transformed.

Constraint Validation Runtime : Time (s): cpu = 00:00:00 ; elapsed = 00:00:00.036 . Memory (MB): peak = 1070.238 ; gain = 0.000
---------------------------------------------------------------------------------
Finished Constraint Validation : Time (s): cpu = 00:00:13 ; elapsed = 00:00:20 . Memory (MB): peak = 1070.238 ; gain = 65.652
---------------------------------------------------------------------------------
---------------------------------------------------------------------------------
Start Loading Part and Timing Information
---------------------------------------------------------------------------------
Loading part: xc7a100tcsg324-2
---------------------------------------------------------------------------------
Finished Loading Part and Timing Information : Time (s): cpu = 00:00:13 ; elapsed = 00:00:20 . Memory (MB): peak = 1070.238 ; gain = 65.652
---------------------------------------------------------------------------------
---------------------------------------------------------------------------------
Start Applying 'set_property' XDC Constraints
---------------------------------------------------------------------------------
---------------------------------------------------------------------------------
Finished applying 'set_property' XDC Constraints : Time (s): cpu = 00:00:13 ; elapsed = 00:00:20 . Memory (MB): peak = 1070.238 ; gain = 65.652
---------------------------------------------------------------------------------
WARNING: [Synth 8-327] inferring latch for variable 'PAU2.C_reg' [C:/Users/PC/Desktop/5to Semestre ESCOM/Arqui/Vivado/ESCOMIPS/ESCOMIPS.srcs/sources_1/new/ALU.vhd:38]
WARNING: [Synth 8-327] inferring latch for variable 'PAU2.G_reg' [C:/Users/PC/Desktop/5to Semestre ESCOM/Arqui/Vivado/ESCOMIPS/ESCOMIPS.srcs/sources_1/new/ALU.vhd:54]
WARNING: [Synth 8-327] inferring latch for variable 'PAU2.P_reg' [C:/Users/PC/Desktop/5to Semestre ESCOM/Arqui/Vivado/ESCOMIPS/ESCOMIPS.srcs/sources_1/new/ALU.vhd:53]
---------------------------------------------------------------------------------
Finished RTL Optimization Phase 2 : Time (s): cpu = 00:00:13 ; elapsed = 00:00:21 . Memory (MB): peak = 1070.238 ; gain = 65.652
---------------------------------------------------------------------------------
---------------------------------------------------------------------------------
Start RTL Component Statistics 
---------------------------------------------------------------------------------
Detailed RTL Component Info : 
+---Adders : 
	   2 Input    8 Bit       Adders := 1     
+---XORs : 
	   2 Input      1 Bit         XORs := 42    
+---Registers : 
	                8 Bit    Registers := 1     
	                1 Bit    Registers := 4     
+---Muxes : 
	 256 Input   14 Bit        Muxes := 1     
	  33 Input   13 Bit        Muxes := 1     
	   2 Input    8 Bit        Muxes := 6     
	   2 Input    5 Bit        Muxes := 1     
	   2 Input    2 Bit        Muxes := 1     
	   2 Input    1 Bit        Muxes := 1     
	   4 Input    1 Bit        Muxes := 46    
---------------------------------------------------------------------------------
Finished RTL Component Statistics 
---------------------------------------------------------------------------------
---------------------------------------------------------------------------------
Start Part Resource Summary
---------------------------------------------------------------------------------
Part Resources:
DSPs: 240 (col length:80)
BRAMs: 270 (col length: RAMB18 80 RAMB36 40)
---------------------------------------------------------------------------------
Finished Part Resource Summary
---------------------------------------------------------------------------------
---------------------------------------------------------------------------------
Start Cross Boundary and Area Optimization
---------------------------------------------------------------------------------
---------------------------------------------------------------------------------
Finished Cross Boundary and Area Optimization : Time (s): cpu = 00:00:17 ; elapsed = 00:00:25 . Memory (MB): peak = 1070.238 ; gain = 65.652
---------------------------------------------------------------------------------
---------------------------------------------------------------------------------
Start ROM, RAM, DSP, Shift Register and Retiming Reporting
---------------------------------------------------------------------------------

Distributed RAM: Preliminary Mapping	Report (see note below)
+------------+-----------------------+-----------+----------------------+-------------+
|Module Name | RTL Object            | Inference | Size (Depth x Width) | Primitives  | 
+------------+-----------------------+-----------+----------------------+-------------+
|ESCOMIPS    | ARCH_REG/MEM_DIST_reg | Implied   | 4 x 8                | RAM32M x 4	 | 
+------------+-----------------------+-----------+----------------------+-------------+

Note: The table above is a preliminary report that shows the Distributed RAMs at the current stage of the synthesis flow. Some Distributed RAMs may be reimplemented as non Distributed RAM primitives later in the synthesis flow. Multiple instantiated RAMs are reported only once.
---------------------------------------------------------------------------------
Finished ROM, RAM, DSP, Shift Register and Retiming Reporting
---------------------------------------------------------------------------------
---------------------------------------------------------------------------------
Start Applying XDC Timing Constraints
---------------------------------------------------------------------------------
---------------------------------------------------------------------------------
Finished Applying XDC Timing Constraints : Time (s): cpu = 00:00:23 ; elapsed = 00:00:31 . Memory (MB): peak = 1070.238 ; gain = 65.652
---------------------------------------------------------------------------------
---------------------------------------------------------------------------------
Start Timing Optimization
---------------------------------------------------------------------------------
---------------------------------------------------------------------------------
Finished Timing Optimization : Time (s): cpu = 00:00:24 ; elapsed = 00:00:32 . Memory (MB): peak = 1079.758 ; gain = 75.172
---------------------------------------------------------------------------------
---------------------------------------------------------------------------------
Start ROM, RAM, DSP, Shift Register and Retiming Reporting
---------------------------------------------------------------------------------

Distributed RAM: Final Mapping	Report
+------------+-----------------------+-----------+----------------------+-------------+
|Module Name | RTL Object            | Inference | Size (Depth x Width) | Primitives  | 
+------------+-----------------------+-----------+----------------------+-------------+
|ESCOMIPS    | ARCH_REG/MEM_DIST_reg | Implied   | 4 x 8                | RAM32M x 4	 | 
+------------+-----------------------+-----------+----------------------+-------------+

---------------------------------------------------------------------------------
Finished ROM, RAM, DSP, Shift Register and Retiming Reporting
---------------------------------------------------------------------------------
---------------------------------------------------------------------------------
Start Technology Mapping
---------------------------------------------------------------------------------
---------------------------------------------------------------------------------
Finished Technology Mapping : Time (s): cpu = 00:00:24 ; elapsed = 00:00:32 . Memory (MB): peak = 1085.781 ; gain = 81.195
---------------------------------------------------------------------------------
---------------------------------------------------------------------------------
Start IO Insertion
---------------------------------------------------------------------------------
---------------------------------------------------------------------------------
Start Flattening Before IO Insertion
---------------------------------------------------------------------------------
---------------------------------------------------------------------------------
Finished Flattening Before IO Insertion
---------------------------------------------------------------------------------
---------------------------------------------------------------------------------
Start Final Netlist Cleanup
---------------------------------------------------------------------------------
---------------------------------------------------------------------------------
Finished Final Netlist Cleanup
---------------------------------------------------------------------------------
---------------------------------------------------------------------------------
Finished IO Insertion : Time (s): cpu = 00:00:28 ; elapsed = 00:00:36 . Memory (MB): peak = 1090.543 ; gain = 85.957
---------------------------------------------------------------------------------
---------------------------------------------------------------------------------
Start Renaming Generated Instances
---------------------------------------------------------------------------------
---------------------------------------------------------------------------------
Finished Renaming Generated Instances : Time (s): cpu = 00:00:28 ; elapsed = 00:00:37 . Memory (MB): peak = 1090.543 ; gain = 85.957
---------------------------------------------------------------------------------
---------------------------------------------------------------------------------
Start Rebuilding User Hierarchy
---------------------------------------------------------------------------------
---------------------------------------------------------------------------------
Finished Rebuilding User Hierarchy : Time (s): cpu = 00:00:28 ; elapsed = 00:00:37 . Memory (MB): peak = 1090.543 ; gain = 85.957
---------------------------------------------------------------------------------
---------------------------------------------------------------------------------
Start Renaming Generated Ports
---------------------------------------------------------------------------------
---------------------------------------------------------------------------------
Finished Renaming Generated Ports : Time (s): cpu = 00:00:28 ; elapsed = 00:00:37 . Memory (MB): peak = 1090.543 ; gain = 85.957
---------------------------------------------------------------------------------
---------------------------------------------------------------------------------
Start Handling Custom Attributes
---------------------------------------------------------------------------------
---------------------------------------------------------------------------------
Finished Handling Custom Attributes : Time (s): cpu = 00:00:28 ; elapsed = 00:00:37 . Memory (MB): peak = 1090.543 ; gain = 85.957
---------------------------------------------------------------------------------
---------------------------------------------------------------------------------
Start Renaming Generated Nets
---------------------------------------------------------------------------------
---------------------------------------------------------------------------------
Finished Renaming Generated Nets : Time (s): cpu = 00:00:28 ; elapsed = 00:00:37 . Memory (MB): peak = 1090.543 ; gain = 85.957
---------------------------------------------------------------------------------
---------------------------------------------------------------------------------
Start Writing Synthesis Report
---------------------------------------------------------------------------------

Report BlackBoxes: 
+-+--------------+----------+
| |BlackBox name |Instances |
+-+--------------+----------+
+-+--------------+----------+

Report Cell Usage: 
+------+-------+------+
|      |Cell   |Count |
+------+-------+------+
|1     |BUFG   |     2|
|2     |CARRY4 |     7|
|3     |LUT1   |     2|
|4     |LUT2   |     1|
|5     |LUT3   |     5|
|6     |LUT4   |    24|
|7     |LUT5   |    23|
|8     |LUT6   |    57|
|9     |RAM32M |     4|
|10    |FDCE   |    38|
|11    |LD     |    13|
|12    |IBUF   |     2|
|13    |OBUF   |    16|
+------+-------+------+
---------------------------------------------------------------------------------
Finished Writing Synthesis Report : Time (s): cpu = 00:00:28 ; elapsed = 00:00:37 . Memory (MB): peak = 1090.543 ; gain = 85.957
---------------------------------------------------------------------------------
Synthesis finished with 0 errors, 0 critical warnings and 3 warnings.
Synthesis Optimization Runtime : Time (s): cpu = 00:00:21 ; elapsed = 00:00:33 . Memory (MB): peak = 1090.543 ; gain = 20.305
Synthesis Optimization Complete : Time (s): cpu = 00:00:29 ; elapsed = 00:00:37 . Memory (MB): peak = 1090.543 ; gain = 85.957
INFO: [Project 1-571] Translating synthesized netlist
Netlist sorting complete. Time (s): cpu = 00:00:00 ; elapsed = 00:00:00.002 . Memory (MB): peak = 1102.645 ; gain = 0.000
INFO: [Netlist 29-17] Analyzing 24 Unisim elements for replacement
INFO: [Netlist 29-28] Unisim Transformation completed in 0 CPU seconds
INFO: [Project 1-570] Preparing netlist for logic optimization
INFO: [Opt 31-138] Pushed 1 inverter(s) to 13 load pin(s).
Netlist sorting complete. Time (s): cpu = 00:00:00 ; elapsed = 00:00:00 . Memory (MB): peak = 1104.637 ; gain = 0.000
INFO: [Project 1-111] Unisim Transformation Summary:
  A total of 17 instances were transformed.
  LD => LDCE (inverted pins: G): 13 instances
  RAM32M => RAM32M (RAMD32(x6), RAMS32(x2)): 4 instances

INFO: [Common 17-83] Releasing license: Synthesis
38 Infos, 3 Warnings, 0 Critical Warnings and 0 Errors encountered.
synth_design completed successfully
synth_design: Time (s): cpu = 00:00:35 ; elapsed = 00:00:53 . Memory (MB): peak = 1104.637 ; gain = 100.051
INFO: [Common 17-1381] The checkpoint 'C:/Users/PC/Desktop/5to Semestre ESCOM/Arqui/Vivado/ESCOMIPS/ESCOMIPS.runs/synth_1/ESCOMIPS.dcp' has been generated.
INFO: [runtcl-4] Executing : report_utilization -file ESCOMIPS_utilization_synth.rpt -pb ESCOMIPS_utilization_synth.pb
INFO: [Common 17-206] Exiting Vivado at Mon Dec 20 22:25:38 2021...
