Copyright 1986-2020 Xilinx, Inc. All Rights Reserved.
--------------------------------------------------------------------------------------------------------------------------------------------------------------
| Tool Version : Vivado v.2020.2 (win64) Build 3064766 Wed Nov 18 09:12:45 MST 2020
| Date         : Mon Dec 20 22:26:55 2021
| Host         : DESKTOP-LG583T8 running 64-bit major release  (build 9200)
| Command      : report_methodology -file ESCOMIPS_methodology_drc_routed.rpt -pb ESCOMIPS_methodology_drc_routed.pb -rpx ESCOMIPS_methodology_drc_routed.rpx
| Design       : ESCOMIPS
| Device       : xc7a100tcsg324-2
| Speed File   : -2
| Design State : Fully Routed
--------------------------------------------------------------------------------------------------------------------------------------------------------------

Report Methodology

Table of Contents
-----------------
1. REPORT SUMMARY
2. REPORT DETAILS

1. REPORT SUMMARY
-----------------
            Netlist: netlist
          Floorplan: design_1
      Design limits: <entire design considered>
             Max violations: <unlimited>
             Violations found: 57
+-----------+------------------+-------------------------------+------------+
| Rule      | Severity         | Description                   | Violations |
+-----------+------------------+-------------------------------+------------+
| TIMING-17 | Critical Warning | Non-clocked sequential cell   | 43         |
| TIMING-18 | Warning          | Missing input or output delay | 1          |
| TIMING-20 | Warning          | Non-clocked latch             | 13         |
+-----------+------------------+-------------------------------+------------+

2. REPORT DETAILS
-----------------
TIMING-17#1 Critical Warning
Non-clocked sequential cell  
The clock pin ARCH_REG/MEM_DIST_reg_r1_0_3_0_5/RAMA/CLK is not reached by a timing clock
Related violations: <none>

TIMING-17#2 Critical Warning
Non-clocked sequential cell  
The clock pin ARCH_REG/MEM_DIST_reg_r1_0_3_0_5/RAMA_D1/CLK is not reached by a timing clock
Related violations: <none>

TIMING-17#3 Critical Warning
Non-clocked sequential cell  
The clock pin ARCH_REG/MEM_DIST_reg_r1_0_3_0_5/RAMB/CLK is not reached by a timing clock
Related violations: <none>

TIMING-17#4 Critical Warning
Non-clocked sequential cell  
The clock pin ARCH_REG/MEM_DIST_reg_r1_0_3_0_5/RAMB_D1/CLK is not reached by a timing clock
Related violations: <none>

TIMING-17#5 Critical Warning
Non-clocked sequential cell  
The clock pin ARCH_REG/MEM_DIST_reg_r1_0_3_0_5/RAMC/CLK is not reached by a timing clock
Related violations: <none>

TIMING-17#6 Critical Warning
Non-clocked sequential cell  
The clock pin ARCH_REG/MEM_DIST_reg_r1_0_3_0_5/RAMC_D1/CLK is not reached by a timing clock
Related violations: <none>

TIMING-17#7 Critical Warning
Non-clocked sequential cell  
The clock pin ARCH_REG/MEM_DIST_reg_r1_0_3_0_5/RAMD/CLK is not reached by a timing clock
Related violations: <none>

TIMING-17#8 Critical Warning
Non-clocked sequential cell  
The clock pin ARCH_REG/MEM_DIST_reg_r1_0_3_0_5/RAMD_D1/CLK is not reached by a timing clock
Related violations: <none>

TIMING-17#9 Critical Warning
Non-clocked sequential cell  
The clock pin ARCH_REG/MEM_DIST_reg_r1_0_3_6_7/RAMA/CLK is not reached by a timing clock
Related violations: <none>

TIMING-17#10 Critical Warning
Non-clocked sequential cell  
The clock pin ARCH_REG/MEM_DIST_reg_r1_0_3_6_7/RAMA_D1/CLK is not reached by a timing clock
Related violations: <none>

TIMING-17#11 Critical Warning
Non-clocked sequential cell  
The clock pin ARCH_REG/MEM_DIST_reg_r1_0_3_6_7/RAMB/CLK is not reached by a timing clock
Related violations: <none>

TIMING-17#12 Critical Warning
Non-clocked sequential cell  
The clock pin ARCH_REG/MEM_DIST_reg_r1_0_3_6_7/RAMB_D1/CLK is not reached by a timing clock
Related violations: <none>

TIMING-17#13 Critical Warning
Non-clocked sequential cell  
The clock pin ARCH_REG/MEM_DIST_reg_r1_0_3_6_7/RAMC/CLK is not reached by a timing clock
Related violations: <none>

TIMING-17#14 Critical Warning
Non-clocked sequential cell  
The clock pin ARCH_REG/MEM_DIST_reg_r1_0_3_6_7/RAMC_D1/CLK is not reached by a timing clock
Related violations: <none>

TIMING-17#15 Critical Warning
Non-clocked sequential cell  
The clock pin ARCH_REG/MEM_DIST_reg_r1_0_3_6_7/RAMD/CLK is not reached by a timing clock
Related violations: <none>

TIMING-17#16 Critical Warning
Non-clocked sequential cell  
The clock pin ARCH_REG/MEM_DIST_reg_r1_0_3_6_7/RAMD_D1/CLK is not reached by a timing clock
Related violations: <none>

TIMING-17#17 Critical Warning
Non-clocked sequential cell  
The clock pin ARCH_REG/MEM_DIST_reg_r2_0_3_0_5/RAMA/CLK is not reached by a timing clock
Related violations: <none>

TIMING-17#18 Critical Warning
Non-clocked sequential cell  
The clock pin ARCH_REG/MEM_DIST_reg_r2_0_3_0_5/RAMA_D1/CLK is not reached by a timing clock
Related violations: <none>

TIMING-17#19 Critical Warning
Non-clocked sequential cell  
The clock pin ARCH_REG/MEM_DIST_reg_r2_0_3_0_5/RAMB/CLK is not reached by a timing clock
Related violations: <none>

TIMING-17#20 Critical Warning
Non-clocked sequential cell  
The clock pin ARCH_REG/MEM_DIST_reg_r2_0_3_0_5/RAMB_D1/CLK is not reached by a timing clock
Related violations: <none>

TIMING-17#21 Critical Warning
Non-clocked sequential cell  
The clock pin ARCH_REG/MEM_DIST_reg_r2_0_3_0_5/RAMC/CLK is not reached by a timing clock
Related violations: <none>

TIMING-17#22 Critical Warning
Non-clocked sequential cell  
The clock pin ARCH_REG/MEM_DIST_reg_r2_0_3_0_5/RAMC_D1/CLK is not reached by a timing clock
Related violations: <none>

TIMING-17#23 Critical Warning
Non-clocked sequential cell  
The clock pin ARCH_REG/MEM_DIST_reg_r2_0_3_0_5/RAMD/CLK is not reached by a timing clock
Related violations: <none>

TIMING-17#24 Critical Warning
Non-clocked sequential cell  
The clock pin ARCH_REG/MEM_DIST_reg_r2_0_3_0_5/RAMD_D1/CLK is not reached by a timing clock
Related violations: <none>

TIMING-17#25 Critical Warning
Non-clocked sequential cell  
The clock pin ARCH_REG/MEM_DIST_reg_r2_0_3_6_7/RAMA/CLK is not reached by a timing clock
Related violations: <none>

TIMING-17#26 Critical Warning
Non-clocked sequential cell  
The clock pin ARCH_REG/MEM_DIST_reg_r2_0_3_6_7/RAMA_D1/CLK is not reached by a timing clock
Related violations: <none>

TIMING-17#27 Critical Warning
Non-clocked sequential cell  
The clock pin ARCH_REG/MEM_DIST_reg_r2_0_3_6_7/RAMB/CLK is not reached by a timing clock
Related violations: <none>

TIMING-17#28 Critical Warning
Non-clocked sequential cell  
The clock pin ARCH_REG/MEM_DIST_reg_r2_0_3_6_7/RAMB_D1/CLK is not reached by a timing clock
Related violations: <none>

TIMING-17#29 Critical Warning
Non-clocked sequential cell  
The clock pin ARCH_REG/MEM_DIST_reg_r2_0_3_6_7/RAMC/CLK is not reached by a timing clock
Related violations: <none>

TIMING-17#30 Critical Warning
Non-clocked sequential cell  
The clock pin ARCH_REG/MEM_DIST_reg_r2_0_3_6_7/RAMC_D1/CLK is not reached by a timing clock
Related violations: <none>

TIMING-17#31 Critical Warning
Non-clocked sequential cell  
The clock pin ARCH_REG/MEM_DIST_reg_r2_0_3_6_7/RAMD/CLK is not reached by a timing clock
Related violations: <none>

TIMING-17#32 Critical Warning
Non-clocked sequential cell  
The clock pin ARCH_REG/MEM_DIST_reg_r2_0_3_6_7/RAMD_D1/CLK is not reached by a timing clock
Related violations: <none>

TIMING-17#33 Critical Warning
Non-clocked sequential cell  
The clock pin P_C/Q_reg[0]/C is not reached by a timing clock
Related violations: <none>

TIMING-17#34 Critical Warning
Non-clocked sequential cell  
The clock pin P_C/Q_reg[1]/C is not reached by a timing clock
Related violations: <none>

TIMING-17#35 Critical Warning
Non-clocked sequential cell  
The clock pin P_C/Q_reg[2]/C is not reached by a timing clock
Related violations: <none>

TIMING-17#36 Critical Warning
Non-clocked sequential cell  
The clock pin P_C/Q_reg[3]/C is not reached by a timing clock
Related violations: <none>

TIMING-17#37 Critical Warning
Non-clocked sequential cell  
The clock pin P_C/Q_reg[4]/C is not reached by a timing clock
Related violations: <none>

TIMING-17#38 Critical Warning
Non-clocked sequential cell  
The clock pin P_C/Q_reg[5]/C is not reached by a timing clock
Related violations: <none>

TIMING-17#39 Critical Warning
Non-clocked sequential cell  
The clock pin P_C/Q_reg[6]/C is not reached by a timing clock
Related violations: <none>

TIMING-17#40 Critical Warning
Non-clocked sequential cell  
The clock pin P_C/Q_reg[7]/C is not reached by a timing clock
Related violations: <none>

TIMING-17#41 Critical Warning
Non-clocked sequential cell  
The clock pin U_CONTROL/RN_reg/C is not reached by a timing clock
Related violations: <none>

TIMING-17#42 Critical Warning
Non-clocked sequential cell  
The clock pin U_CONTROL/ROV_reg/C is not reached by a timing clock
Related violations: <none>

TIMING-17#43 Critical Warning
Non-clocked sequential cell  
The clock pin U_CONTROL/RZ_reg/C is not reached by a timing clock
Related violations: <none>

TIMING-18#1 Warning
Missing input or output delay  
An input delay is missing on CLR relative to clock(s) sys_clk_pin
Related violations: <none>

TIMING-20#1 Warning
Non-clocked latch  
The latch ALUC/PAU2.G_reg[0] cannot be properly analyzed as its control pin ALUC/PAU2.G_reg[0]/G is not reached by a timing clock
Related violations: <none>

TIMING-20#2 Warning
Non-clocked latch  
The latch ALUC/PAU2.G_reg[1] cannot be properly analyzed as its control pin ALUC/PAU2.G_reg[1]/G is not reached by a timing clock
Related violations: <none>

TIMING-20#3 Warning
Non-clocked latch  
The latch ALUC/PAU2.G_reg[2] cannot be properly analyzed as its control pin ALUC/PAU2.G_reg[2]/G is not reached by a timing clock
Related violations: <none>

TIMING-20#4 Warning
Non-clocked latch  
The latch ALUC/PAU2.G_reg[3] cannot be properly analyzed as its control pin ALUC/PAU2.G_reg[3]/G is not reached by a timing clock
Related violations: <none>

TIMING-20#5 Warning
Non-clocked latch  
The latch ALUC/PAU2.G_reg[4] cannot be properly analyzed as its control pin ALUC/PAU2.G_reg[4]/G is not reached by a timing clock
Related violations: <none>

TIMING-20#6 Warning
Non-clocked latch  
The latch ALUC/PAU2.G_reg[5] cannot be properly analyzed as its control pin ALUC/PAU2.G_reg[5]/G is not reached by a timing clock
Related violations: <none>

TIMING-20#7 Warning
Non-clocked latch  
The latch ALUC/PAU2.G_reg[6] cannot be properly analyzed as its control pin ALUC/PAU2.G_reg[6]/G is not reached by a timing clock
Related violations: <none>

TIMING-20#8 Warning
Non-clocked latch  
The latch ALUC/PAU2.P_reg[1] cannot be properly analyzed as its control pin ALUC/PAU2.P_reg[1]/G is not reached by a timing clock
Related violations: <none>

TIMING-20#9 Warning
Non-clocked latch  
The latch ALUC/PAU2.P_reg[2] cannot be properly analyzed as its control pin ALUC/PAU2.P_reg[2]/G is not reached by a timing clock
Related violations: <none>

TIMING-20#10 Warning
Non-clocked latch  
The latch ALUC/PAU2.P_reg[3] cannot be properly analyzed as its control pin ALUC/PAU2.P_reg[3]/G is not reached by a timing clock
Related violations: <none>

TIMING-20#11 Warning
Non-clocked latch  
The latch ALUC/PAU2.P_reg[4] cannot be properly analyzed as its control pin ALUC/PAU2.P_reg[4]/G is not reached by a timing clock
Related violations: <none>

TIMING-20#12 Warning
Non-clocked latch  
The latch ALUC/PAU2.P_reg[5] cannot be properly analyzed as its control pin ALUC/PAU2.P_reg[5]/G is not reached by a timing clock
Related violations: <none>

TIMING-20#13 Warning
Non-clocked latch  
The latch ALUC/PAU2.P_reg[6] cannot be properly analyzed as its control pin ALUC/PAU2.P_reg[6]/G is not reached by a timing clock
Related violations: <none>


